           1
           1
           2
           1
           2
           3
           2
           3
           4
           1
           3
           4
           5
           2
           4
           6
           5
           3
           5
           6
           7
           4
           6
           7
           8
           5
           7
           8
           9
           6
           8
           9
          10
           7
          10
           9
          11
           8
          11
          10
          12
           9
          12
          11
          10
          13
          13
          12
          11
          14
          14
          13
          12
          15
          15
          14
          16
          13
          16
          15
          14
          17
          17
          15
          16
          18
          18
          16
          17
          19
          19
          17
          20
          18
          20
          18
          21
          19
          21
          19
          22
          20
          22
          20
          23
          21
          23
          21
          24
          22
          24
          22
          25
          23
          25
          23
          26
          24
          26
          24
          27
          25
          27
          25
          28
          26
          28
          26
          29
          27
          29
          27
          30
          28
          30
          28
          29
          31
          31
          29
          30
          32
          32
          30
          31
          33
          33
          31
          32
          34
          34
          32
          33
          35
          35
          34
          33
          36
          36
          35
          34
          37
          37
          36
          35
          38
          38
          37
          36
          39
          39
          38
          37
          40
          40
          39
          38
          41
          41
          40
          39
          42
          42
          41
          40
          43
          43
          42
          41
          44
          44
          43
          42
          45
          45
          44
          43
          46
          46
          45
          44
          47
          47
          46
          45
          48
          48
          47
          46
          49
          49
          48
          47
          50
          50
          49
          48
          51
          51
          49
          50
          52
          52
          51
          50
          53
          53
          54
          52
          51
          54
          55
          53
          52
          55
          56
          54
          53
          56
          57
          55
          54
          57
          56
          58
          55
          58
          57
          59
          56
          59
          60
          58
          57
          60
          61
          59
          58
          61
          60
          62
          59
          62
          63
          61
          60
          63
          64
          62
          61
          64
          63
          65
          62
          65
          64
          66
          63
          66
          65
          67
          64
          67
          66
          68
          65
          68
          69
          67
          66
          69
          70
          68
          67
          70
          71
          69
          68
          71
          70
          72
          69
          72
          71
          73
          70
          73
          72
          71
          74
          74
          73
          72
          75
          75
          74
          73
          76
          76
          75
          74
          77
          77
          76
          75
          78
          78
          77
          76
          79
          79
          78
          77
          80
          80
          79
          78
          81
          81
          80
          79
          82
          82
          81
          83
          80
          83
          82
          81
          84
          84
          83
          82
          85
          85
          84
          83
          86
          86
          85
          87
          84
          87
          86
          88
          85
          88
          87
          89
          89
          86
          88
          90
          90
          87
          89
          91
          88
          91
          90
          92
          92
          89
          91
          93
          93
          90
          92
          94
          94
          91
          93
          95
          95
          92
          94
          96
          96
          93
          95
          97
          97
          94
          96
          98
          98
          95
          97
          99
          99
          96
          98
         100
         100
          97
          99
         101
         101
          98
         100
         102
         102
          99
         101
         103
         103
         100
         102
         104
         104
         101
         103
         105
         105
         102
         104
         106
         106
         103
         105
         107
         104
         107
         106
         108
         105
         108
         107
         109
         106
         109
         108
         110
         107
         109
         110
         111
         108
         110
         111
         112
         109
         112
         111
         113
         110
         113
         112
         114
         111
         114
         113
         115
         112
         115
         114
         116
         113
         116
         115
         117
         114
         117
         116
         118
         115
         118
         117
         119
         116
         119
         118
         120
         117
         120
         119
         121
         118
         121
         120
         122
         119
         122
         121
         123
         120
         123
         122
         124
         121
         124
         123
         125
         122
         125
         124
         126
         123
         126
         125
         127
         124
         127
         126
         128
         125
         128
         127
         129
         129
         126
         128
         130
         127
         130
         129
         131
         131
         130
         128
         132
         131
         132
         129
         133
         132
         133
         130
         134
         134
         133
         131
         135
         135
         134
         132
         136
         135
         136
         133
         137
         137
         136
         134
         138
         138
         137
         135
         139
         139
         138
         136
         140
         140
         137
         139
         141
         141
         138
         142
         140
         142
         143
         139
         141
         144
         140
         143
         142
         145
         144
         141
         143
         146
         145
         142
         144
         147
         146
         143
         145
         148
         147
         144
         146
         149
         148
         145
         147
         150
         149
         146
         148
         151
         147
         150
         149
         152
         148
         151
         150
         153
         149
         151
         152
         154
         150
         152
         153
         155
         151
         154
         153
         156
         155
         152
         154
         157
         156
         153
         155
         158
         157
         156
         154
         159
         158
         157
         155
         160
         159
         158
         156
         161
         159
         160
         157
         162
         161
         160
         158
         163
         162
         161
         159
         164
         163
         162
         160
         165
         164
         163
         161
         166
         165
         162
         164
         167
         166
         163
         165
         168
         167
         164
         166
         169
         168
         165
         167
         170
         169
         166
         168
         171
         170
         167
         169
         172
         171
         168
         170
         173
         172
         171
         169
         174
         173
         172
         170
         175
         174
         173
         171
         176
         175
         174
         172
         177
         176
         175
         173
         178
         177
         176
         174
         179
         178
         177
         175
         180
         179
         178
         176
         181
         180
         179
         177
         182
         181
         180
         178
         183
         182
         181
         179
         184
         183
         180
         182
         185
         184
         181
         183
         186
         185
         182
         184
         187
         186
         183
         185
         188
         187
         184
         186
         189
         188
         185
         187
         190
         189
         186
         188
         191
         190
         187
         189
         192
         191
         188
         190
         192
         193
         191
         189
         194
         193
         192
         190
         195
         194
         193
         191
         196
         195
         194
         192
         197
         196
         195
         193
         198
         197
         196
         194
         199
         198
         197
         195
         199
         200
         198
         196
         200
         199
         197
         200
         198
         199
         200
